<?xml version="1.0" encoding="UTF-8"?>
<testsuite name="org.rhq.core.pc.configuration.ConfigurationManagerTest" failures="0" tests="10" time="0.539" errors="0">
  <properties/>
  <testcase name="catchExceptionThrownByFailedValidationOfRawConfigs" time="0.042" classname="org.rhq.core.pc.configuration.ConfigurationManagerTest"/>
  <testcase name="exceptionShouldBeThrownIfConfigIsNull" time="0.011" classname="org.rhq.core.pc.configuration.ConfigurationManagerTest"/>
  <testcase name="exceptionShouldBeThrownWhenStrategyThrowsAnException" time="0.008" classname="org.rhq.core.pc.configuration.ConfigurationManagerTest"/>
  <testcase name="mergingRawsIntoStructuredShouldIgnoreNull" time="0.093" classname="org.rhq.core.pc.configuration.ConfigurationManagerTest"/>
  <testcase name="mergingRawsIntoStructuredShouldUpdateLatestStructuredConfig" time="0.019" classname="org.rhq.core.pc.configuration.ConfigurationManagerTest"/>
  <testcase name="mergingStructuredIntoRawShouldDoNothingIfRawsAreNull" time="0.018" classname="org.rhq.core.pc.configuration.ConfigurationManagerTest"/>
  <testcase name="mergingStructuredIntoRawShouldIgnoreNulls" time="0.018" classname="org.rhq.core.pc.configuration.ConfigurationManagerTest"/>
  <testcase name="mergingStucturedIntoRawShouldUpdateLatestRawConfigs" time="0.023" classname="org.rhq.core.pc.configuration.ConfigurationManagerTest"/>
  <testcase name="strategyShouldBeCalledToLoadConfig" time="0.021" classname="org.rhq.core.pc.configuration.ConfigurationManagerTest"/>
  <testcase name="updatingConfigShouldSubmitRunnerToThreadPool" time="0.09" classname="org.rhq.core.pc.configuration.ConfigurationManagerTest"/>
</testsuite>
